<?xml version="1.0" encoding="UTF-8"?>
<testng-results ignored="0" total="20" passed="20" failed="0" skipped="0">
  <reporter-output>
  </reporter-output>
  <suite started-at="2024-01-27T00:21:09 IST" name="Default suite" finished-at="2024-01-27T00:21:43 IST" duration-ms="33805">
    <groups>
    </groups>
    <test started-at="2024-01-27T00:21:09 IST" name="Default test" finished-at="2024-01-27T00:21:43 IST" duration-ms="33805">
      <class name="tests.TestcasesFlow">
        <test-method is-config="true" signature="setup()[pri:0, instance:tests.TestcasesFlow@221a3fa4]" started-at="2024-01-27T00:21:09 IST" name="setup" finished-at="2024-01-27T00:21:16 IST" duration-ms="6485" status="PASS">
          <reporter-output>
          </reporter-output>
        </test-method> <!-- setup -->
        <test-method signature="language_select()[pri:1, instance:tests.TestcasesFlow@221a3fa4]" started-at="2024-01-27T00:21:16 IST" name="language_select" finished-at="2024-01-27T00:21:16 IST" duration-ms="178" status="PASS">
          <reporter-output>
          </reporter-output>
        </test-method> <!-- language_select -->
        <test-method signature="select_country()[pri:2, instance:tests.TestcasesFlow@221a3fa4]" started-at="2024-01-27T00:21:16 IST" name="select_country" finished-at="2024-01-27T00:21:40 IST" duration-ms="24282" status="PASS">
          <reporter-output>
          </reporter-output>
        </test-method> <!-- select_country -->
        <test-method signature="add_items_to_wishlist()[pri:3, instance:tests.TestcasesFlow@221a3fa4]" started-at="2024-01-27T00:21:40 IST" name="add_items_to_wishlist" finished-at="2024-01-27T00:21:40 IST" duration-ms="42" status="PASS">
          <reporter-output>
          </reporter-output>
        </test-method> <!-- add_items_to_wishlist -->
        <test-method signature="create_wishlist()[pri:4, instance:tests.TestcasesFlow@221a3fa4]" started-at="2024-01-27T00:21:40 IST" name="create_wishlist" finished-at="2024-01-27T00:21:40 IST" duration-ms="29" status="PASS">
          <reporter-output>
          </reporter-output>
        </test-method> <!-- create_wishlist -->
        <test-method signature="amazonpay_rewards()[pri:5, instance:tests.TestcasesFlow@221a3fa4]" started-at="2024-01-27T00:21:40 IST" name="amazonpay_rewards" finished-at="2024-01-27T00:21:40 IST" duration-ms="27" status="PASS">
          <reporter-output>
          </reporter-output>
        </test-method> <!-- amazonpay_rewards -->
        <test-method signature="amazonpay_mobilerecharge()[pri:6, instance:tests.TestcasesFlow@221a3fa4]" started-at="2024-01-27T00:21:40 IST" name="amazonpay_mobilerecharge" finished-at="2024-01-27T00:21:40 IST" duration-ms="22" status="PASS">
          <reporter-output>
          </reporter-output>
        </test-method> <!-- amazonpay_mobilerecharge -->
        <test-method signature="subscription_mail()[pri:7, instance:tests.TestcasesFlow@221a3fa4]" started-at="2024-01-27T00:21:40 IST" name="subscription_mail" finished-at="2024-01-27T00:21:40 IST" duration-ms="19" status="PASS">
          <reporter-output>
          </reporter-output>
        </test-method> <!-- subscription_mail -->
        <test-method signature="membership_subscriptions()[pri:8, instance:tests.TestcasesFlow@221a3fa4]" started-at="2024-01-27T00:21:40 IST" name="membership_subscriptions" finished-at="2024-01-27T00:21:40 IST" duration-ms="20" status="PASS">
          <reporter-output>
          </reporter-output>
        </test-method> <!-- membership_subscriptions -->
        <test-method signature="returns_Page_items()[pri:9, instance:tests.TestcasesFlow@221a3fa4]" started-at="2024-01-27T00:21:40 IST" name="returns_Page_items" finished-at="2024-01-27T00:21:40 IST" duration-ms="23" status="PASS">
          <reporter-output>
          </reporter-output>
        </test-method> <!-- returns_Page_items -->
        <test-method signature="returns_and_orders()[pri:10, instance:tests.TestcasesFlow@221a3fa4]" started-at="2024-01-27T00:21:40 IST" name="returns_and_orders" finished-at="2024-01-27T00:21:40 IST" duration-ms="14" status="PASS">
          <reporter-output>
          </reporter-output>
        </test-method> <!-- returns_and_orders -->
        <test-method signature="amazonpay_travel()[pri:11, instance:tests.TestcasesFlow@221a3fa4]" started-at="2024-01-27T00:21:40 IST" name="amazonpay_travel" finished-at="2024-01-27T00:21:40 IST" duration-ms="16" status="PASS">
          <reporter-output>
          </reporter-output>
        </test-method> <!-- amazonpay_travel -->
        <test-method signature="add_new_Address()[pri:12, instance:tests.TestcasesFlow@221a3fa4]" started-at="2024-01-27T00:21:40 IST" name="add_new_Address" finished-at="2024-01-27T00:21:42 IST" duration-ms="1836" status="PASS">
          <reporter-output>
          </reporter-output>
        </test-method> <!-- add_new_Address -->
        <test-method signature="checkout_items_in_AmazonFresh()[pri:13, instance:tests.TestcasesFlow@221a3fa4]" started-at="2024-01-27T00:21:42 IST" name="checkout_items_in_AmazonFresh" finished-at="2024-01-27T00:21:42 IST" duration-ms="21" status="PASS">
          <reporter-output>
          </reporter-output>
        </test-method> <!-- checkout_items_in_AmazonFresh -->
        <test-method signature="check_amazon_prime()[pri:14, instance:tests.TestcasesFlow@221a3fa4]" started-at="2024-01-27T00:21:42 IST" name="check_amazon_prime" finished-at="2024-01-27T00:21:42 IST" duration-ms="20" status="PASS">
          <reporter-output>
          </reporter-output>
        </test-method> <!-- check_amazon_prime -->
        <test-method signature="newIteams_Releases_checkout()[pri:15, instance:tests.TestcasesFlow@221a3fa4]" started-at="2024-01-27T00:21:42 IST" name="newIteams_Releases_checkout" finished-at="2024-01-27T00:21:42 IST" duration-ms="19" status="PASS">
          <reporter-output>
          </reporter-output>
        </test-method> <!-- newIteams_Releases_checkout -->
        <test-method signature="scrollupdown_funtionality_using_backtotobutton()[pri:16, instance:tests.TestcasesFlow@221a3fa4]" started-at="2024-01-27T00:21:42 IST" name="scrollupdown_funtionality_using_backtotobutton" finished-at="2024-01-27T00:21:42 IST" duration-ms="20" status="PASS">
          <reporter-output>
          </reporter-output>
        </test-method> <!-- scrollupdown_funtionality_using_backtotobutton -->
        <test-method signature="scrollupdown_funtionality_without_using_backtotobutton()[pri:17, instance:tests.TestcasesFlow@221a3fa4]" started-at="2024-01-27T00:21:42 IST" name="scrollupdown_funtionality_without_using_backtotobutton" finished-at="2024-01-27T00:21:42 IST" duration-ms="19" status="PASS">
          <reporter-output>
          </reporter-output>
        </test-method> <!-- scrollupdown_funtionality_without_using_backtotobutton -->
        <test-method signature="searchItems_based_on_category()[pri:18, instance:tests.TestcasesFlow@221a3fa4]" started-at="2024-01-27T00:21:42 IST" name="searchItems_based_on_category" finished-at="2024-01-27T00:21:42 IST" duration-ms="189" status="PASS">
          <reporter-output>
          </reporter-output>
        </test-method> <!-- searchItems_based_on_category -->
        <test-method signature="searchItems_based_on_discountanddelivery()[pri:19, instance:tests.TestcasesFlow@221a3fa4]" started-at="2024-01-27T00:21:42 IST" name="searchItems_based_on_discountanddelivery" finished-at="2024-01-27T00:21:43 IST" duration-ms="181" status="PASS">
          <reporter-output>
          </reporter-output>
        </test-method> <!-- searchItems_based_on_discountanddelivery -->
        <test-method signature="buyItems()[pri:20, instance:tests.TestcasesFlow@221a3fa4]" started-at="2024-01-27T00:21:43 IST" name="buyItems" finished-at="2024-01-27T00:21:43 IST" duration-ms="126" status="PASS">
          <reporter-output>
          </reporter-output>
        </test-method> <!-- buyItems -->
      </class> <!-- tests.TestcasesFlow -->
    </test> <!-- Default test -->
  </suite> <!-- Default suite -->
</testng-results>
